# JRE version: OpenJDK Runtime Environment (8.0_242-b01) (build 1.8.0_242-release-1644-b01)
# Java VM: OpenJDK 64-Bit Server VM (25.242-b01 mixed mode windows-amd64 compressed oops)
Heap:
 PSYoungGen      total 434176K, used 205579K [0x00000000d5580000, 0x00000000f2200000, 0x0000000100000000)
  eden space 396800K, 49% used [0x00000000d5580000,0x00000000e1665758,0x00000000ed900000)
  from space 37376K, 21% used [0x00000000ed900000,0x00000000ee0dd4d8,0x00000000efd80000)
  to   space 36352K, 0% used [0x00000000efe80000,0x00000000efe80000,0x00000000f2200000)
 ParOldGen       total 229888K, used 179523K [0x0000000080000000, 0x000000008e080000, 0x00000000d5580000)
  object space 229888K, 78% used [0x0000000080000000,0x000000008af50d38,0x000000008e080000)
 Metaspace       used 115598K, capacity 121226K, committed 124032K, reserved 1157120K
  class space    used 14817K, capacity 15887K, committed 16512K, reserved 1048576K
GC Heap History (10 events):
Event: 636.027 GC heap before
{Heap before GC invocations=42 (full 5):
 PSYoungGen      total 320512K, used 304640K [0x00000000d5580000, 0x00000000ec780000, 0x0000000100000000)
  eden space 292864K, 100% used [0x00000000d5580000,0x00000000e7380000,0x00000000e7380000)
  from space 27648K, 42% used [0x00000000eac80000,0x00000000eb800370,0x00000000ec780000)
  to   space 43008K, 0% used [0x00000000e7380000,0x00000000e7380000,0x00000000e9d80000)
 ParOldGen       total 229888K, used 131097K [0x0000000080000000, 0x000000008e080000, 0x00000000d5580000)
  object space 229888K, 57% used [0x0000000080000000,0x0000000088006630,0x000000008e080000)
 Metaspace       used 114659K, capacity 120194K, committed 123264K, reserved 1157120K
  class space    used 14811K, capacity 15883K, committed 16512K, reserved 1048576K
Event: 636.047 GC heap after
Heap after GC invocations=42 (full 5):
 PSYoungGen      total 335872K, used 18969K [0x00000000d5580000, 0x00000000ef580000, 0x0000000100000000)
  eden space 292864K, 0% used [0x00000000d5580000,0x00000000d5580000,0x00000000e7380000)
  from space 43008K, 44% used [0x00000000e7380000,0x00000000e86065c8,0x00000000e9d80000)
  to   space 40448K, 0% used [0x00000000ece00000,0x00000000ece00000,0x00000000ef580000)
 ParOldGen       total 229888K, used 137562K [0x0000000080000000, 0x000000008e080000, 0x00000000d5580000)
  object space 229888K, 59% used [0x0000000080000000,0x00000000886569e0,0x000000008e080000)
 Metaspace       used 114659K, capacity 120194K, committed 123264K, reserved 1157120K
  class space    used 14811K, capacity 15883K, committed 16512K, reserved 1048576K
}
Event: 636.605 GC heap before
{Heap before GC invocations=43 (full 5):
 PSYoungGen      total 335872K, used 311833K [0x00000000d5580000, 0x00000000ef580000, 0x0000000100000000)
  eden space 292864K, 100% used [0x00000000d5580000,0x00000000e7380000,0x00000000e7380000)
  from space 43008K, 44% used [0x00000000e7380000,0x00000000e86065c8,0x00000000e9d80000)
  to   space 40448K, 0% used [0x00000000ece00000,0x00000000ece00000,0x00000000ef580000)
 ParOldGen       total 229888K, used 137562K [0x0000000080000000, 0x000000008e080000, 0x00000000d5580000)
  object space 229888K, 59% used [0x0000000080000000,0x00000000886569e0,0x000000008e080000)
 Metaspace       used 114803K, capacity 120330K, committed 123264K, reserved 1157120K
  class space    used 14813K, capacity 15885K, committed 16512K, reserved 1048576K
Event: 636.620 GC heap after
Heap after GC invocations=43 (full 5):
 PSYoungGen      total 378368K, used 12443K [0x00000000d5580000, 0x00000000ef100000, 0x0000000100000000)
  eden space 342528K, 0% used [0x00000000d5580000,0x00000000d5580000,0x00000000ea400000)
  from space 35840K, 34% used [0x00000000ece00000,0x00000000eda26d88,0x00000000ef100000)
  to   space 39424K, 0% used [0x00000000ea400000,0x00000000ea400000,0x00000000eca80000)
 ParOldGen       total 229888K, used 150106K [0x0000000080000000, 0x000000008e080000, 0x00000000d5580000)
  object space 229888K, 65% used [0x0000000080000000,0x0000000089296b58,0x000000008e080000)
 Metaspace       used 114803K, capacity 120330K, committed 123264K, reserved 1157120K
  class space    used 14813K, capacity 15885K, committed 16512K, reserved 1048576K
}
Event: 637.208 GC heap before
{Heap before GC invocations=44 (full 5):
 PSYoungGen      total 378368K, used 354971K [0x00000000d5580000, 0x00000000ef100000, 0x0000000100000000)
  eden space 342528K, 100% used [0x00000000d5580000,0x00000000ea400000,0x00000000ea400000)
  from space 35840K, 34% used [0x00000000ece00000,0x00000000eda26d88,0x00000000ef100000)
  to   space 39424K, 0% used [0x00000000ea400000,0x00000000ea400000,0x00000000eca80000)
 ParOldGen       total 229888K, used 150106K [0x0000000080000000, 0x000000008e080000, 0x00000000d5580000)
  object space 229888K, 65% used [0x0000000080000000,0x0000000089296b58,0x000000008e080000)
 Metaspace       used 115279K, capacity 120904K, committed 123776K, reserved 1157120K
  class space    used 14816K, capacity 15886K, committed 16512K, reserved 1048576K
Event: 637.226 GC heap after
Heap after GC invocations=44 (full 5):
 PSYoungGen      total 381952K, used 17827K [0x00000000d5580000, 0x00000000f2300000, 0x0000000100000000)
  eden space 342528K, 0% used [0x00000000d5580000,0x00000000d5580000,0x00000000ea400000)
  from space 39424K, 45% used [0x00000000ea400000,0x00000000eb568f48,0x00000000eca80000)
  to   space 37376K, 0% used [0x00000000efe80000,0x00000000efe80000,0x00000000f2300000)
 ParOldGen       total 229888K, used 157520K [0x0000000080000000, 0x000000008e080000, 0x00000000d5580000)
  object space 229888K, 68% used [0x0000000080000000,0x00000000899d4058,0x000000008e080000)
 Metaspace       used 115279K, capacity 120904K, committed 123776K, reserved 1157120K
  class space    used 14816K, capacity 15886K, committed 16512K, reserved 1048576K
}
Event: 637.757 GC heap before
{Heap before GC invocations=45 (full 5):
 PSYoungGen      total 381952K, used 360355K [0x00000000d5580000, 0x00000000f2300000, 0x0000000100000000)
  eden space 342528K, 100% used [0x00000000d5580000,0x00000000ea400000,0x00000000ea400000)
  from space 39424K, 45% used [0x00000000ea400000,0x00000000eb568f48,0x00000000eca80000)
  to   space 37376K, 0% used [0x00000000efe80000,0x00000000efe80000,0x00000000f2300000)
 ParOldGen       total 229888K, used 157520K [0x0000000080000000, 0x000000008e080000, 0x00000000d5580000)
  object space 229888K, 68% used [0x0000000080000000,0x00000000899d4058,0x000000008e080000)
 Metaspace       used 115518K, capacity 121138K, committed 124032K, reserved 1157120K
  class space    used 14817K, capacity 15887K, committed 16512K, reserved 1048576K
Event: 637.782 GC heap after
Heap after GC invocations=45 (full 5):
 PSYoungGen      total 433152K, used 8037K [0x00000000d5580000, 0x00000000f2200000, 0x0000000100000000)
  eden space 396800K, 0% used [0x00000000d5580000,0x00000000d5580000,0x00000000ed900000)
  from space 36352K, 22% used [0x00000000efe80000,0x00000000f06597d0,0x00000000f2200000)
  to   space 37376K, 0% used [0x00000000ed900000,0x00000000ed900000,0x00000000efd80000)
 ParOldGen       total 229888K, used 173053K [0x0000000080000000, 0x000000008e080000, 0x00000000d5580000)
  object space 229888K, 75% used [0x0000000080000000,0x000000008a8ff5e0,0x000000008e080000)
 Metaspace       used 115518K, capacity 121138K, committed 124032K, reserved 1157120K
  class space    used 14817K, capacity 15887K, committed 16512K, reserved 1048576K
}
Event: 638.432 GC heap before
{Heap before GC invocations=46 (full 5):
 PSYoungGen      total 433152K, used 404837K [0x00000000d5580000, 0x00000000f2200000, 0x0000000100000000)
  eden space 396800K, 100% used [0x00000000d5580000,0x00000000ed900000,0x00000000ed900000)
  from space 36352K, 22% used [0x00000000efe80000,0x00000000f06597d0,0x00000000f2200000)
  to   space 37376K, 0% used [0x00000000ed900000,0x00000000ed900000,0x00000000efd80000)
 ParOldGen       total 229888K, used 173053K [0x0000000080000000, 0x000000008e080000, 0x00000000d5580000)
  object space 229888K, 75% used [0x0000000080000000,0x000000008a8ff5e0,0x000000008e080000)
 Metaspace       used 115583K, capacity 121226K, committed 124032K, reserved 1157120K
  class space    used 14817K, capacity 15887K, committed 16512K, reserved 1048576K
Event: 638.448 GC heap after
Heap after GC invocations=46 (full 5):
 PSYoungGen      total 434176K, used 8053K [0x00000000d5580000, 0x00000000f2200000, 0x0000000100000000)
  eden space 396800K, 0% used [0x00000000d5580000,0x00000000d5580000,0x00000000ed900000)
  from space 37376K, 21% used [0x00000000ed900000,0x00000000ee0dd4d8,0x00000000efd80000)
  to   space 36352K, 0% used [0x00000000efe80000,0x00000000efe80000,0x00000000f2200000)
 ParOldGen       total 229888K, used 179523K [0x0000000080000000, 0x000000008e080000, 0x00000000d5580000)
  object space 229888K, 78% used [0x0000000080000000,0x000000008af50d38,0x000000008e080000)
 Metaspace       used 115583K, capacity 121226K, committed 124032K, reserved 1157120K
  class space    used 14817K, capacity 15887K, committed 16512K, reserved 1048576K
}

